[2015-03-22 11:45:24,204][WARN ][bootstrap                ] jvm uses the client vm, make sure to run `java` with the server vm for best performance by adding `-server` to the command line
[2015-03-22 11:45:24,447][INFO ][node                     ] [Titanium Man] version[1.4.4], pid[2455], build[c88f77f/2015-02-19T13:05:36Z]
[2015-03-22 11:45:24,448][INFO ][node                     ] [Titanium Man] initializing ...
[2015-03-22 11:45:24,476][INFO ][plugins                  ] [Titanium Man] loaded [], sites []
[2015-03-22 11:45:35,415][INFO ][node                     ] [Titanium Man] initialized
[2015-03-22 11:45:35,415][INFO ][node                     ] [Titanium Man] starting ...
[2015-03-22 11:45:36,210][INFO ][transport                ] [Titanium Man] bound_address {inet[/0:0:0:0:0:0:0:0:9300]}, publish_address {inet[/10.0.2.15:9300]}
[2015-03-22 11:45:36,328][INFO ][discovery                ] [Titanium Man] elasticsearch/wm101D5ZTrC_yczZWvU0tA
[2015-03-22 11:45:40,231][INFO ][cluster.service          ] [Titanium Man] new_master [Titanium Man][wm101D5ZTrC_yczZWvU0tA][txubvirt][inet[/10.0.2.15:9300]], reason: zen-disco-join (elected_as_master)
[2015-03-22 11:45:40,320][INFO ][http                     ] [Titanium Man] bound_address {inet[/0:0:0:0:0:0:0:0:9200]}, publish_address {inet[/10.0.2.15:9200]}
[2015-03-22 11:45:40,320][INFO ][node                     ] [Titanium Man] started
[2015-03-22 11:45:42,612][INFO ][gateway                  ] [Titanium Man] recovered [1] indices into cluster_state
[2015-03-22 11:52:57,845][DEBUG][action.search.type       ] [Titanium Man] [newenergy][1], node[wm101D5ZTrC_yczZWvU0tA], [P], s[STARTED]: Failed to execute [org.elasticsearch.action.search.SearchRequest@8ff16b] lastShard [true]
org.elasticsearch.search.SearchParseException: [newenergy][1]: from[-1],size[-1]: Parse Failure [Failed to parse source [{"query":{"bool":{"must":[{"text":{"split.content":"保温"}}],"must_not":[],"should":[]}},"from":0,"size":10,"sort":[],"facets":{}}]]
	at org.elasticsearch.search.SearchService.parseSource(SearchService.java:687)
	at org.elasticsearch.search.SearchService.createContext(SearchService.java:543)
	at org.elasticsearch.search.SearchService.createAndPutContext(SearchService.java:515)
	at org.elasticsearch.search.SearchService.executeQueryPhase(SearchService.java:277)
	at org.elasticsearch.search.action.SearchServiceTransportAction$5.call(SearchServiceTransportAction.java:231)
	at org.elasticsearch.search.action.SearchServiceTransportAction$5.call(SearchServiceTransportAction.java:228)
	at org.elasticsearch.search.action.SearchServiceTransportAction$23.run(SearchServiceTransportAction.java:559)
	at java.util.concurrent.ThreadPoolExecutor.runWorker(ThreadPoolExecutor.java:1142)
	at java.util.concurrent.ThreadPoolExecutor$Worker.run(ThreadPoolExecutor.java:617)
	at java.lang.Thread.run(Thread.java:745)
Caused by: org.elasticsearch.index.query.QueryParsingException: [newenergy] No query registered for [text]
	at org.elasticsearch.index.query.QueryParseContext.parseInnerQuery(QueryParseContext.java:279)
	at org.elasticsearch.index.query.BoolQueryParser.parse(BoolQueryParser.java:93)
	at org.elasticsearch.index.query.QueryParseContext.parseInnerQuery(QueryParseContext.java:281)
	at org.elasticsearch.index.query.IndexQueryParserService.innerParse(IndexQueryParserService.java:382)
	at org.elasticsearch.index.query.IndexQueryParserService.parse(IndexQueryParserService.java:281)
	at org.elasticsearch.index.query.IndexQueryParserService.parse(IndexQueryParserService.java:276)
	at org.elasticsearch.search.query.QueryParseElement.parse(QueryParseElement.java:33)
	at org.elasticsearch.search.SearchService.parseSource(SearchService.java:671)
	... 9 more
[2015-03-22 11:52:57,847][DEBUG][action.search.type       ] [Titanium Man] [newenergy][3], node[wm101D5ZTrC_yczZWvU0tA], [P], s[STARTED]: Failed to execute [org.elasticsearch.action.search.SearchRequest@8ff16b] lastShard [true]
org.elasticsearch.search.SearchParseException: [newenergy][3]: from[-1],size[-1]: Parse Failure [Failed to parse source [{"query":{"bool":{"must":[{"text":{"split.content":"保温"}}],"must_not":[],"should":[]}},"from":0,"size":10,"sort":[],"facets":{}}]]
	at org.elasticsearch.search.SearchService.parseSource(SearchService.java:687)
	at org.elasticsearch.search.SearchService.createContext(SearchService.java:543)
	at org.elasticsearch.search.SearchService.createAndPutContext(SearchService.java:515)
	at org.elasticsearch.search.SearchService.executeQueryPhase(SearchService.java:277)
	at org.elasticsearch.search.action.SearchServiceTransportAction$5.call(SearchServiceTransportAction.java:231)
	at org.elasticsearch.search.action.SearchServiceTransportAction$5.call(SearchServiceTransportAction.java:228)
	at org.elasticsearch.search.action.SearchServiceTransportAction$23.run(SearchServiceTransportAction.java:559)
	at java.util.concurrent.ThreadPoolExecutor.runWorker(ThreadPoolExecutor.java:1142)
	at java.util.concurrent.ThreadPoolExecutor$Worker.run(ThreadPoolExecutor.java:617)
	at java.lang.Thread.run(Thread.java:745)
Caused by: org.elasticsearch.index.query.QueryParsingException: [newenergy] No query registered for [text]
	at org.elasticsearch.index.query.QueryParseContext.parseInnerQuery(QueryParseContext.java:279)
	at org.elasticsearch.index.query.BoolQueryParser.parse(BoolQueryParser.java:93)
	at org.elasticsearch.index.query.QueryParseContext.parseInnerQuery(QueryParseContext.java:281)
	at org.elasticsearch.index.query.IndexQueryParserService.innerParse(IndexQueryParserService.java:382)
	at org.elasticsearch.index.query.IndexQueryParserService.parse(IndexQueryParserService.java:281)
	at org.elasticsearch.index.query.IndexQueryParserService.parse(IndexQueryParserService.java:276)
	at org.elasticsearch.search.query.QueryParseElement.parse(QueryParseElement.java:33)
	at org.elasticsearch.search.SearchService.parseSource(SearchService.java:671)
	... 9 more
[2015-03-22 11:52:57,847][DEBUG][action.search.type       ] [Titanium Man] [newenergy][4], node[wm101D5ZTrC_yczZWvU0tA], [P], s[STARTED]: Failed to execute [org.elasticsearch.action.search.SearchRequest@8ff16b] lastShard [true]
org.elasticsearch.search.SearchParseException: [newenergy][4]: from[-1],size[-1]: Parse Failure [Failed to parse source [{"query":{"bool":{"must":[{"text":{"split.content":"保温"}}],"must_not":[],"should":[]}},"from":0,"size":10,"sort":[],"facets":{}}]]
	at org.elasticsearch.search.SearchService.parseSource(SearchService.java:687)
	at org.elasticsearch.search.SearchService.createContext(SearchService.java:543)
	at org.elasticsearch.search.SearchService.createAndPutContext(SearchService.java:515)
	at org.elasticsearch.search.SearchService.executeQueryPhase(SearchService.java:277)
	at org.elasticsearch.search.action.SearchServiceTransportAction$5.call(SearchServiceTransportAction.java:231)
	at org.elasticsearch.search.action.SearchServiceTransportAction$5.call(SearchServiceTransportAction.java:228)
	at org.elasticsearch.search.action.SearchServiceTransportAction$23.run(SearchServiceTransportAction.java:559)
	at java.util.concurrent.ThreadPoolExecutor.runWorker(ThreadPoolExecutor.java:1142)
	at java.util.concurrent.ThreadPoolExecutor$Worker.run(ThreadPoolExecutor.java:617)
	at java.lang.Thread.run(Thread.java:745)
Caused by: org.elasticsearch.index.query.QueryParsingException: [newenergy] No query registered for [text]
	at org.elasticsearch.index.query.QueryParseContext.parseInnerQuery(QueryParseContext.java:279)
	at org.elasticsearch.index.query.BoolQueryParser.parse(BoolQueryParser.java:93)
	at org.elasticsearch.index.query.QueryParseContext.parseInnerQuery(QueryParseContext.java:281)
	at org.elasticsearch.index.query.IndexQueryParserService.innerParse(IndexQueryParserService.java:382)
	at org.elasticsearch.index.query.IndexQueryParserService.parse(IndexQueryParserService.java:281)
	at org.elasticsearch.index.query.IndexQueryParserService.parse(IndexQueryParserService.java:276)
	at org.elasticsearch.search.query.QueryParseElement.parse(QueryParseElement.java:33)
	at org.elasticsearch.search.SearchService.parseSource(SearchService.java:671)
	... 9 more
[2015-03-22 11:52:57,847][DEBUG][action.search.type       ] [Titanium Man] [newenergy][2], node[wm101D5ZTrC_yczZWvU0tA], [P], s[STARTED]: Failed to execute [org.elasticsearch.action.search.SearchRequest@8ff16b]
org.elasticsearch.search.SearchParseException: [newenergy][2]: from[-1],size[-1]: Parse Failure [Failed to parse source [{"query":{"bool":{"must":[{"text":{"split.content":"保温"}}],"must_not":[],"should":[]}},"from":0,"size":10,"sort":[],"facets":{}}]]
	at org.elasticsearch.search.SearchService.parseSource(SearchService.java:687)
	at org.elasticsearch.search.SearchService.createContext(SearchService.java:543)
	at org.elasticsearch.search.SearchService.createAndPutContext(SearchService.java:515)
	at org.elasticsearch.search.SearchService.executeQueryPhase(SearchService.java:277)
	at org.elasticsearch.search.action.SearchServiceTransportAction$5.call(SearchServiceTransportAction.java:231)
	at org.elasticsearch.search.action.SearchServiceTransportAction$5.call(SearchServiceTransportAction.java:228)
	at org.elasticsearch.search.action.SearchServiceTransportAction$23.run(SearchServiceTransportAction.java:559)
	at java.util.concurrent.ThreadPoolExecutor.runWorker(ThreadPoolExecutor.java:1142)
	at java.util.concurrent.ThreadPoolExecutor$Worker.run(ThreadPoolExecutor.java:617)
	at java.lang.Thread.run(Thread.java:745)
Caused by: org.elasticsearch.index.query.QueryParsingException: [newenergy] No query registered for [text]
	at org.elasticsearch.index.query.QueryParseContext.parseInnerQuery(QueryParseContext.java:279)
	at org.elasticsearch.index.query.BoolQueryParser.parse(BoolQueryParser.java:93)
	at org.elasticsearch.index.query.QueryParseContext.parseInnerQuery(QueryParseContext.java:281)
	at org.elasticsearch.index.query.IndexQueryParserService.innerParse(IndexQueryParserService.java:382)
	at org.elasticsearch.index.query.IndexQueryParserService.parse(IndexQueryParserService.java:281)
	at org.elasticsearch.index.query.IndexQueryParserService.parse(IndexQueryParserService.java:276)
	at org.elasticsearch.search.query.QueryParseElement.parse(QueryParseElement.java:33)
	at org.elasticsearch.search.SearchService.parseSource(SearchService.java:671)
	... 9 more
[2015-03-22 11:52:57,845][DEBUG][action.search.type       ] [Titanium Man] [newenergy][0], node[wm101D5ZTrC_yczZWvU0tA], [P], s[STARTED]: Failed to execute [org.elasticsearch.action.search.SearchRequest@8ff16b] lastShard [true]
org.elasticsearch.search.SearchParseException: [newenergy][0]: from[-1],size[-1]: Parse Failure [Failed to parse source [{"query":{"bool":{"must":[{"text":{"split.content":"保温"}}],"must_not":[],"should":[]}},"from":0,"size":10,"sort":[],"facets":{}}]]
	at org.elasticsearch.search.SearchService.parseSource(SearchService.java:687)
	at org.elasticsearch.search.SearchService.createContext(SearchService.java:543)
	at org.elasticsearch.search.SearchService.createAndPutContext(SearchService.java:515)
	at org.elasticsearch.search.SearchService.executeQueryPhase(SearchService.java:277)
	at org.elasticsearch.search.action.SearchServiceTransportAction$5.call(SearchServiceTransportAction.java:231)
	at org.elasticsearch.search.action.SearchServiceTransportAction$5.call(SearchServiceTransportAction.java:228)
	at org.elasticsearch.search.action.SearchServiceTransportAction$23.run(SearchServiceTransportAction.java:559)
	at java.util.concurrent.ThreadPoolExecutor.runWorker(ThreadPoolExecutor.java:1142)
	at java.util.concurrent.ThreadPoolExecutor$Worker.run(ThreadPoolExecutor.java:617)
	at java.lang.Thread.run(Thread.java:745)
Caused by: org.elasticsearch.index.query.QueryParsingException: [newenergy] No query registered for [text]
	at org.elasticsearch.index.query.QueryParseContext.parseInnerQuery(QueryParseContext.java:279)
	at org.elasticsearch.index.query.BoolQueryParser.parse(BoolQueryParser.java:93)
	at org.elasticsearch.index.query.QueryParseContext.parseInnerQuery(QueryParseContext.java:281)
	at org.elasticsearch.index.query.IndexQueryParserService.innerParse(IndexQueryParserService.java:382)
	at org.elasticsearch.index.query.IndexQueryParserService.parse(IndexQueryParserService.java:281)
	at org.elasticsearch.index.query.IndexQueryParserService.parse(IndexQueryParserService.java:276)
	at org.elasticsearch.search.query.QueryParseElement.parse(QueryParseElement.java:33)
	at org.elasticsearch.search.SearchService.parseSource(SearchService.java:671)
	... 9 more
[2015-03-22 11:52:57,896][DEBUG][action.search.type       ] [Titanium Man] All shards failed for phase: [query]
[2015-03-22 11:53:03,129][DEBUG][action.search.type       ] [Titanium Man] [newenergy][0], node[wm101D5ZTrC_yczZWvU0tA], [P], s[STARTED]: Failed to execute [org.elasticsearch.action.search.SearchRequest@d418fb] lastShard [true]
org.elasticsearch.search.SearchParseException: [newenergy][0]: from[-1],size[-1]: Parse Failure [Failed to parse source [{"query":{"bool":{"must":[{"text":{"split.content":"保温"}}],"must_not":[],"should":[]}},"from":0,"size":10,"sort":[],"facets":{}}]]
	at org.elasticsearch.search.SearchService.parseSource(SearchService.java:687)
	at org.elasticsearch.search.SearchService.createContext(SearchService.java:543)
	at org.elasticsearch.search.SearchService.createAndPutContext(SearchService.java:515)
	at org.elasticsearch.search.SearchService.executeQueryPhase(SearchService.java:277)
	at org.elasticsearch.search.action.SearchServiceTransportAction$5.call(SearchServiceTransportAction.java:231)
	at org.elasticsearch.search.action.SearchServiceTransportAction$5.call(SearchServiceTransportAction.java:228)
	at org.elasticsearch.search.action.SearchServiceTransportAction$23.run(SearchServiceTransportAction.java:559)
	at java.util.concurrent.ThreadPoolExecutor.runWorker(ThreadPoolExecutor.java:1142)
	at java.util.concurrent.ThreadPoolExecutor$Worker.run(ThreadPoolExecutor.java:617)
	at java.lang.Thread.run(Thread.java:745)
Caused by: org.elasticsearch.index.query.QueryParsingException: [newenergy] No query registered for [text]
	at org.elasticsearch.index.query.QueryParseContext.parseInnerQuery(QueryParseContext.java:279)
	at org.elasticsearch.index.query.BoolQueryParser.parse(BoolQueryParser.java:93)
	at org.elasticsearch.index.query.QueryParseContext.parseInnerQuery(QueryParseContext.java:281)
	at org.elasticsearch.index.query.IndexQueryParserService.innerParse(IndexQueryParserService.java:382)
	at org.elasticsearch.index.query.IndexQueryParserService.parse(IndexQueryParserService.java:281)
	at org.elasticsearch.index.query.IndexQueryParserService.parse(IndexQueryParserService.java:276)
	at org.elasticsearch.search.query.QueryParseElement.parse(QueryParseElement.java:33)
	at org.elasticsearch.search.SearchService.parseSource(SearchService.java:671)
	... 9 more
[2015-03-22 11:53:03,129][DEBUG][action.search.type       ] [Titanium Man] [newenergy][2], node[wm101D5ZTrC_yczZWvU0tA], [P], s[STARTED]: Failed to execute [org.elasticsearch.action.search.SearchRequest@d418fb] lastShard [true]
org.elasticsearch.search.SearchParseException: [newenergy][2]: from[-1],size[-1]: Parse Failure [Failed to parse source [{"query":{"bool":{"must":[{"text":{"split.content":"保温"}}],"must_not":[],"should":[]}},"from":0,"size":10,"sort":[],"facets":{}}]]
	at org.elasticsearch.search.SearchService.parseSource(SearchService.java:687)
	at org.elasticsearch.search.SearchService.createContext(SearchService.java:543)
	at org.elasticsearch.search.SearchService.createAndPutContext(SearchService.java:515)
	at org.elasticsearch.search.SearchService.executeQueryPhase(SearchService.java:277)
	at org.elasticsearch.search.action.SearchServiceTransportAction$5.call(SearchServiceTransportAction.java:231)
	at org.elasticsearch.search.action.SearchServiceTransportAction$5.call(SearchServiceTransportAction.java:228)
	at org.elasticsearch.search.action.SearchServiceTransportAction$23.run(SearchServiceTransportAction.java:559)
	at java.util.concurrent.ThreadPoolExecutor.runWorker(ThreadPoolExecutor.java:1142)
	at java.util.concurrent.ThreadPoolExecutor$Worker.run(ThreadPoolExecutor.java:617)
	at java.lang.Thread.run(Thread.java:745)
Caused by: org.elasticsearch.index.query.QueryParsingException: [newenergy] No query registered for [text]
	at org.elasticsearch.index.query.QueryParseContext.parseInnerQuery(QueryParseContext.java:279)
	at org.elasticsearch.index.query.BoolQueryParser.parse(BoolQueryParser.java:93)
	at org.elasticsearch.index.query.QueryParseContext.parseInnerQuery(QueryParseContext.java:281)
	at org.elasticsearch.index.query.IndexQueryParserService.innerParse(IndexQueryParserService.java:382)
	at org.elasticsearch.index.query.IndexQueryParserService.parse(IndexQueryParserService.java:281)
	at org.elasticsearch.index.query.IndexQueryParserService.parse(IndexQueryParserService.java:276)
	at org.elasticsearch.search.query.QueryParseElement.parse(QueryParseElement.java:33)
	at org.elasticsearch.search.SearchService.parseSource(SearchService.java:671)
	... 9 more
[2015-03-22 11:53:03,129][DEBUG][action.search.type       ] [Titanium Man] [newenergy][3], node[wm101D5ZTrC_yczZWvU0tA], [P], s[STARTED]: Failed to execute [org.elasticsearch.action.search.SearchRequest@d418fb]
org.elasticsearch.search.SearchParseException: [newenergy][3]: from[-1],size[-1]: Parse Failure [Failed to parse source [{"query":{"bool":{"must":[{"text":{"split.content":"保温"}}],"must_not":[],"should":[]}},"from":0,"size":10,"sort":[],"facets":{}}]]
	at org.elasticsearch.search.SearchService.parseSource(SearchService.java:687)
	at org.elasticsearch.search.SearchService.createContext(SearchService.java:543)
	at org.elasticsearch.search.SearchService.createAndPutContext(SearchService.java:515)
	at org.elasticsearch.search.SearchService.executeQueryPhase(SearchService.java:277)
	at org.elasticsearch.search.action.SearchServiceTransportAction$5.call(SearchServiceTransportAction.java:231)
	at org.elasticsearch.search.action.SearchServiceTransportAction$5.call(SearchServiceTransportAction.java:228)
	at org.elasticsearch.search.action.SearchServiceTransportAction$23.run(SearchServiceTransportAction.java:559)
	at java.util.concurrent.ThreadPoolExecutor.runWorker(ThreadPoolExecutor.java:1142)
	at java.util.concurrent.ThreadPoolExecutor$Worker.run(ThreadPoolExecutor.java:617)
	at java.lang.Thread.run(Thread.java:745)
Caused by: org.elasticsearch.index.query.QueryParsingException: [newenergy] No query registered for [text]
	at org.elasticsearch.index.query.QueryParseContext.parseInnerQuery(QueryParseContext.java:279)
	at org.elasticsearch.index.query.BoolQueryParser.parse(BoolQueryParser.java:93)
	at org.elasticsearch.index.query.QueryParseContext.parseInnerQuery(QueryParseContext.java:281)
	at org.elasticsearch.index.query.IndexQueryParserService.innerParse(IndexQueryParserService.java:382)
	at org.elasticsearch.index.query.IndexQueryParserService.parse(IndexQueryParserService.java:281)
	at org.elasticsearch.index.query.IndexQueryParserService.parse(IndexQueryParserService.java:276)
	at org.elasticsearch.search.query.QueryParseElement.parse(QueryParseElement.java:33)
	at org.elasticsearch.search.SearchService.parseSource(SearchService.java:671)
	... 9 more
[2015-03-22 11:53:03,131][DEBUG][action.search.type       ] [Titanium Man] All shards failed for phase: [query]
[2015-03-22 11:53:03,129][DEBUG][action.search.type       ] [Titanium Man] [newenergy][1], node[wm101D5ZTrC_yczZWvU0tA], [P], s[STARTED]: Failed to execute [org.elasticsearch.action.search.SearchRequest@d418fb] lastShard [true]
org.elasticsearch.search.SearchParseException: [newenergy][1]: from[-1],size[-1]: Parse Failure [Failed to parse source [{"query":{"bool":{"must":[{"text":{"split.content":"保温"}}],"must_not":[],"should":[]}},"from":0,"size":10,"sort":[],"facets":{}}]]
	at org.elasticsearch.search.SearchService.parseSource(SearchService.java:687)
	at org.elasticsearch.search.SearchService.createContext(SearchService.java:543)
	at org.elasticsearch.search.SearchService.createAndPutContext(SearchService.java:515)
	at org.elasticsearch.search.SearchService.executeQueryPhase(SearchService.java:277)
	at org.elasticsearch.search.action.SearchServiceTransportAction$5.call(SearchServiceTransportAction.java:231)
	at org.elasticsearch.search.action.SearchServiceTransportAction$5.call(SearchServiceTransportAction.java:228)
	at org.elasticsearch.search.action.SearchServiceTransportAction$23.run(SearchServiceTransportAction.java:559)
	at java.util.concurrent.ThreadPoolExecutor.runWorker(ThreadPoolExecutor.java:1142)
	at java.util.concurrent.ThreadPoolExecutor$Worker.run(ThreadPoolExecutor.java:617)
	at java.lang.Thread.run(Thread.java:745)
Caused by: org.elasticsearch.index.query.QueryParsingException: [newenergy] No query registered for [text]
	at org.elasticsearch.index.query.QueryParseContext.parseInnerQuery(QueryParseContext.java:279)
	at org.elasticsearch.index.query.BoolQueryParser.parse(BoolQueryParser.java:93)
	at org.elasticsearch.index.query.QueryParseContext.parseInnerQuery(QueryParseContext.java:281)
	at org.elasticsearch.index.query.IndexQueryParserService.innerParse(IndexQueryParserService.java:382)
	at org.elasticsearch.index.query.IndexQueryParserService.parse(IndexQueryParserService.java:281)
	at org.elasticsearch.index.query.IndexQueryParserService.parse(IndexQueryParserService.java:276)
	at org.elasticsearch.search.query.QueryParseElement.parse(QueryParseElement.java:33)
	at org.elasticsearch.search.SearchService.parseSource(SearchService.java:671)
	... 9 more
[2015-03-22 11:53:03,129][DEBUG][action.search.type       ] [Titanium Man] [newenergy][4], node[wm101D5ZTrC_yczZWvU0tA], [P], s[STARTED]: Failed to execute [org.elasticsearch.action.search.SearchRequest@d418fb] lastShard [true]
org.elasticsearch.search.SearchParseException: [newenergy][4]: from[-1],size[-1]: Parse Failure [Failed to parse source [{"query":{"bool":{"must":[{"text":{"split.content":"保温"}}],"must_not":[],"should":[]}},"from":0,"size":10,"sort":[],"facets":{}}]]
	at org.elasticsearch.search.SearchService.parseSource(SearchService.java:687)
	at org.elasticsearch.search.SearchService.createContext(SearchService.java:543)
	at org.elasticsearch.search.SearchService.createAndPutContext(SearchService.java:515)
	at org.elasticsearch.search.SearchService.executeQueryPhase(SearchService.java:277)
	at org.elasticsearch.search.action.SearchServiceTransportAction$5.call(SearchServiceTransportAction.java:231)
	at org.elasticsearch.search.action.SearchServiceTransportAction$5.call(SearchServiceTransportAction.java:228)
	at org.elasticsearch.search.action.SearchServiceTransportAction$23.run(SearchServiceTransportAction.java:559)
	at java.util.concurrent.ThreadPoolExecutor.runWorker(ThreadPoolExecutor.java:1142)
	at java.util.concurrent.ThreadPoolExecutor$Worker.run(ThreadPoolExecutor.java:617)
	at java.lang.Thread.run(Thread.java:745)
Caused by: org.elasticsearch.index.query.QueryParsingException: [newenergy] No query registered for [text]
	at org.elasticsearch.index.query.QueryParseContext.parseInnerQuery(QueryParseContext.java:279)
	at org.elasticsearch.index.query.BoolQueryParser.parse(BoolQueryParser.java:93)
	at org.elasticsearch.index.query.QueryParseContext.parseInnerQuery(QueryParseContext.java:281)
	at org.elasticsearch.index.query.IndexQueryParserService.innerParse(IndexQueryParserService.java:382)
	at org.elasticsearch.index.query.IndexQueryParserService.parse(IndexQueryParserService.java:281)
	at org.elasticsearch.index.query.IndexQueryParserService.parse(IndexQueryParserService.java:276)
	at org.elasticsearch.search.query.QueryParseElement.parse(QueryParseElement.java:33)
	at org.elasticsearch.search.SearchService.parseSource(SearchService.java:671)
	... 9 more
[2015-03-22 12:36:12,211][INFO ][node                     ] [Titanium Man] stopping ...
[2015-03-22 12:36:12,626][INFO ][node                     ] [Titanium Man] stopped
[2015-03-22 12:36:12,626][INFO ][node                     ] [Titanium Man] closing ...
[2015-03-22 12:36:12,702][INFO ][node                     ] [Titanium Man] closed
